<?xml version="1.0" encoding="UTF-8"?>
<!-- Generated by org.testng.reporters.JUnitXMLReporter -->
<testsuite hostname="MININT-UM25UFB" ignored="0" name="Dollar Days Test" tests="3" failures="0" timestamp="2020-09-25T11:17:03 EDT" time="3.219" errors="0">
  <testcase name="@BeforeMethod setUpBrowser" time="2.243" classname="com.dollardays.testcases.BaseTest">
    <failure type="java.lang.Exception" message="Driver Not Found">
      <![CDATA[java.lang.Exception: Driver Not Found
at com.dollardays.testcases.BaseTest.openBrowser(BaseTest.java:78)
at com.dollardays.testcases.BaseTest.setUpBrowser(BaseTest.java:100)
at java.util.ArrayList.forEach(ArrayList.java:1259)
... Removed 32 stack frames]]>
    </failure>
  </testcase> <!-- @BeforeMethod setUpBrowser -->
  <testcase name="@AfterMethod quit" time="-1.601047023335E9" classname="com.dollardays.testcases.BaseTest">
    <skipped/>
  </testcase> <!-- @AfterMethod quit -->
  <testcase name="@BeforeMethod setUpBrowser" time="-1.601047023399E9" classname="com.dollardays.testcases.BaseTest">
    <skipped/>
  </testcase> <!-- @BeforeMethod setUpBrowser -->
  <testcase name="@AfterMethod quit" time="-1.601047023417E9" classname="com.dollardays.testcases.BaseTest">
    <skipped/>
  </testcase> <!-- @AfterMethod quit -->
  <testcase name="@BeforeMethod setUpBrowser" time="-1.601047023461E9" classname="com.dollardays.testcases.BaseTest">
    <skipped/>
  </testcase> <!-- @BeforeMethod setUpBrowser -->
  <testcase name="@AfterMethod quit" time="-1.601047023468E9" classname="com.dollardays.testcases.BaseTest">
    <skipped/>
  </testcase> <!-- @AfterMethod quit -->
  <testcase name="TC_01_addToCart" time="0.0" classname="com.dollardays.testcases.FavoriteLinkTestcase">
    <skipped/>
  </testcase> <!-- TC_01_addToCart -->
  <testcase name="TC_02_SortBy_priceLowToHigh" time="0.0" classname="com.dollardays.testcases.FavoriteLinkTestcase">
    <skipped/>
  </testcase> <!-- TC_02_SortBy_priceLowToHigh -->
  <testcase name="TC_03_SortBy_priceHighToLow" time="0.0" classname="com.dollardays.testcases.FavoriteLinkTestcase">
    <skipped/>
  </testcase> <!-- TC_03_SortBy_priceHighToLow -->
</testsuite> <!-- Dollar Days Test -->
