<?xml version="1.0" encoding="UTF-8"?>
<!-- Generated by org.testng.reporters.JUnitXMLReporter -->
<testsuite hostname="MININT-UM25UFB" ignored="0" name="Dollar Days Test" tests="1" failures="0" timestamp="2020-09-25T11:17:07 EDT" time="1.345" errors="0">
  <testcase name="@BeforeMethod setUpBrowser" time="1.207" classname="com.dollardays.testcases.BaseTest">
    <failure type="java.lang.Exception" message="Driver Not Found">
      <![CDATA[java.lang.Exception: Driver Not Found
at com.dollardays.testcases.BaseTest.openBrowser(BaseTest.java:78)
at com.dollardays.testcases.BaseTest.setUpBrowser(BaseTest.java:100)
at java.util.ArrayList.forEach(ArrayList.java:1259)
... Removed 32 stack frames]]>
    </failure>
  </testcase> <!-- @BeforeMethod setUpBrowser -->
  <testcase name="@AfterMethod quit" time="-1.601047027056E9" classname="com.dollardays.testcases.BaseTest">
    <skipped/>
  </testcase> <!-- @AfterMethod quit -->
  <testcase name="invokeLogin" time="0.0" classname="com.dollardays.testcases.LoginTestcase">
    <skipped/>
  </testcase> <!-- invokeLogin -->
</testsuite> <!-- Dollar Days Test -->
